<?xml version="1.0" encoding="UTF-8" ?>
<testsuite tests="29" failures="0" name="br.com.anteros.nextcloud.api.NextcloudConnectorTest" time="0.004" errors="0" skipped="0">
  <properties>
[...]
</properties>
  <testcase classname="br.com.anteros.nextcloud.api.NextcloudConnectorTest" name="t01_testCreateUser" time="0"/>
  <testcase classname="br.com.anteros.nextcloud.api.NextcloudConnectorTest" name="t02_testGetUsers" time="0"/>
  <testcase classname="br.com.anteros.nextcloud.api.NextcloudConnectorTest" name="t03_testGetUsers_3args" time="0"/>
  <testcase classname="br.com.anteros.nextcloud.api.NextcloudConnectorTest" name="t04_testEditUser" time="0"/>
  <testcase classname="br.com.anteros.nextcloud.api.NextcloudConnectorTest" name="t05_testDisableUser" time="0.001"/>
  <testcase classname="br.com.anteros.nextcloud.api.NextcloudConnectorTest" name="t06_testGetUser" time="0"/>
  <testcase classname="br.com.anteros.nextcloud.api.NextcloudConnectorTest" name="t07_testEnableUser" time="0"/>
  <testcase classname="br.com.anteros.nextcloud.api.NextcloudConnectorTest" name="t08_testCreateGroup" time="0"/>
  <testcase classname="br.com.anteros.nextcloud.api.NextcloudConnectorTest" name="t09_testGetGroups_0args" time="0"/>
  <testcase classname="br.com.anteros.nextcloud.api.NextcloudConnectorTest" name="t10_testGetGroups_3args" time="0"/>
  <testcase classname="br.com.anteros.nextcloud.api.NextcloudConnectorTest" name="t11_testAddUserToGroup" time="0"/>
  <testcase classname="br.com.anteros.nextcloud.api.NextcloudConnectorTest" name="t12_testGetGroupsOfUser" time="0.001"/>
  <testcase classname="br.com.anteros.nextcloud.api.NextcloudConnectorTest" name="t13_testGetMembersOfGroup" time="0"/>
  <testcase classname="br.com.anteros.nextcloud.api.NextcloudConnectorTest" name="t14_testPromoteToSubadmin" time="0"/>
  <testcase classname="br.com.anteros.nextcloud.api.NextcloudConnectorTest" name="t15_testGetSubadminGroupsOfUser" time="0"/>
  <testcase classname="br.com.anteros.nextcloud.api.NextcloudConnectorTest" name="t16_testGetSubadminsOfGroup" time="0.001"/>
  <testcase classname="br.com.anteros.nextcloud.api.NextcloudConnectorTest" name="t17_testDemoteSubadmin" time="0"/>
  <testcase classname="br.com.anteros.nextcloud.api.NextcloudConnectorTest" name="t18_testRemoveUserFromGroup" time="0"/>
  <testcase classname="br.com.anteros.nextcloud.api.NextcloudConnectorTest" name="t19_testDeleteUser" time="0"/>
  <testcase classname="br.com.anteros.nextcloud.api.NextcloudConnectorTest" name="t20_testDeleteGroup" time="0"/>
  <testcase classname="br.com.anteros.nextcloud.api.NextcloudConnectorTest" name="t21_testCreateFolder" time="0"/>
  <testcase classname="br.com.anteros.nextcloud.api.NextcloudConnectorTest" name="t22_testGetFolders" time="0"/>
  <testcase classname="br.com.anteros.nextcloud.api.NextcloudConnectorTest" name="t23_testFolderExists" time="0"/>
  <testcase classname="br.com.anteros.nextcloud.api.NextcloudConnectorTest" name="t24_testDeleteFolder" time="0.001"/>
  <testcase classname="br.com.anteros.nextcloud.api.NextcloudConnectorTest" name="t25_testUploadFile" time="0"/>
  <testcase classname="br.com.anteros.nextcloud.api.NextcloudConnectorTest" name="t26_testFileExists" time="0"/>
  <testcase classname="br.com.anteros.nextcloud.api.NextcloudConnectorTest" name="t27_testRemoveFile" time="0"/>
  <testcase classname="br.com.anteros.nextcloud.api.NextcloudConnectorTest" name="t28_testList" time="0"/>
  <testcase classname="br.com.anteros.nextcloud.api.NextcloudConnectorTest" name="t29_testListRecursive" time="0"/>
</testsuite>